wear/build/intermediates/manifest_merge_blame_file/release/processReleaseMainManifest/manifest-merger-blame-release-report.txt
1<?xml version="1.0" encoding="utf-8"?>
2<manifest xmlns:android="http://schemas.android.com/apk/res/android"
3    package="com.ashutosh.flowtimer"
4    android:versionCode="1"
5    android:versionName="1.0" >
6
7    <uses-sdk
8        android:minSdkVersion="30"
9        android:targetSdkVersion="36" />
10
11    <uses-feature android:name="android.hardware.type.watch" />
11-->src\main\AndroidManifest.xml:4:5-64
11-->src\main\AndroidManifest.xml:4:19-61
12
13    <queries>
13-->[androidx.wear.tiles:tiles:1.4.1] AndroidManifest.xml:7:5-11:15
14        <intent>
14-->[androidx.wear.tiles:tiles:1.4.1] AndroidManifest.xml:8:9-10:18
15            <action android:name="androidx.wear.tiles.action.BIND_UPDATE_REQUESTER" />
15-->[androidx.wear.tiles:tiles:1.4.1] AndroidManifest.xml:9:13-87
15-->[androidx.wear.tiles:tiles:1.4.1] AndroidManifest.xml:9:21-84
16        </intent>
17    </queries>
18
19    <application
19-->src\main\AndroidManifest.xml:6:5-10:62
20        android:allowBackup="true"
20-->src\main\AndroidManifest.xml:7:9-35
21        android:appComponentFactory="androidx.core.app.CoreComponentFactory"
21-->[androidx.core:core:1.2.0] AndroidManifest.xml:24:18-86
22        android:extractNativeLibs="false"
23        android:label="@string/app_name"
23-->src\main\AndroidManifest.xml:8:9-41
24        android:supportsRtl="true"
24-->src\main\AndroidManifest.xml:9:9-35
25        android:theme="@android:style/Theme.DeviceDefault" >
25-->src\main\AndroidManifest.xml:10:9-59
26        <uses-library
26-->[androidx.wear.tiles:tiles:1.4.1] AndroidManifest.xml:14:9-16:40
27            android:name="wear-sdk"
27-->[androidx.wear.tiles:tiles:1.4.1] AndroidManifest.xml:15:13-36
28            android:required="false" />
28-->[androidx.wear.tiles:tiles:1.4.1] AndroidManifest.xml:16:13-37
29
30        <activity
30-->[com.google.android.gms:play-services-base:18.5.0] AndroidManifest.xml:5:9-173
31            android:name="com.google.android.gms.common.api.GoogleApiActivity"
31-->[com.google.android.gms:play-services-base:18.5.0] AndroidManifest.xml:5:19-85
32            android:exported="false"
32-->[com.google.android.gms:play-services-base:18.5.0] AndroidManifest.xml:5:146-170
33            android:theme="@android:style/Theme.Translucent.NoTitleBar" />
33-->[com.google.android.gms:play-services-base:18.5.0] AndroidManifest.xml:5:86-145
34
35        <meta-data
35-->[com.google.android.gms:play-services-basement:18.4.0] AndroidManifest.xml:6:9-122
36            android:name="com.google.android.gms.version"
36-->[com.google.android.gms:play-services-basement:18.4.0] AndroidManifest.xml:6:20-65
37            android:value="@integer/google_play_services_version" />
37-->[com.google.android.gms:play-services-basement:18.4.0] AndroidManifest.xml:6:66-119
38    </application>
39
40</manifest>